2021-07-11 05:56:53 startup archives install
2021-07-11 05:56:54 install base-passwd:amd64 <none> 3.5.46
2021-07-11 05:56:54 status half-installed base-passwd:amd64 3.5.46
2021-07-11 05:56:56 status unpacked base-passwd:amd64 3.5.46
2021-07-11 05:56:56 configure base-passwd:amd64 3.5.46 3.5.46
2021-07-11 05:56:56 status half-configured base-passwd:amd64 3.5.46
2021-07-11 05:56:56 status installed base-passwd:amd64 3.5.46
2021-07-11 05:56:57 startup archives install
2021-07-11 05:56:57 install base-files:amd64 <none> 10.3+deb10u10
2021-07-11 05:56:57 status half-installed base-files:amd64 10.3+deb10u10
2021-07-11 05:57:00 status unpacked base-files:amd64 10.3+deb10u10
2021-07-11 05:57:00 configure base-files:amd64 10.3+deb10u10 10.3+deb10u10
2021-07-11 05:57:01 status half-configured base-files:amd64 10.3+deb10u10
2021-07-11 05:57:01 status installed base-files:amd64 10.3+deb10u10
2021-07-11 05:57:02 startup archives install
2021-07-11 05:57:02 upgrade dpkg 1.19.7 1.19.7
2021-07-11 05:57:02 status half-configured dpkg 1.19.7
2021-07-11 05:57:02 status unpacked dpkg 1.19.7
2021-07-11 05:57:02 status half-installed dpkg 1.19.7
2021-07-11 05:57:14 status unpacked dpkg:amd64 1.19.7
2021-07-11 05:57:14 configure dpkg:amd64 1.19.7 1.19.7
2021-07-11 05:57:15 status half-configured dpkg:amd64 1.19.7
2021-07-11 05:57:15 status installed dpkg:amd64 1.19.7
2021-07-11 05:57:15 startup archives install
2021-07-11 05:57:16 install libc6:amd64 <none> 2.28-10
2021-07-11 05:57:16 status half-installed libc6:amd64 2.28-10
2021-07-11 05:57:47 status unpacked libc6:amd64 2.28-10
2021-07-11 05:57:47 configure libc6:amd64 2.28-10 2.28-10
2021-07-11 05:57:47 status half-configured libc6:amd64 2.28-10
2021-07-11 05:57:48 status installed libc6:amd64 2.28-10
2021-07-11 05:57:49 startup archives install
2021-07-11 05:57:49 install perl-base:amd64 <none> 5.28.1-6+deb10u1
2021-07-11 05:57:49 status half-installed perl-base:amd64 5.28.1-6+deb10u1
2021-07-11 05:58:23 status unpacked perl-base:amd64 5.28.1-6+deb10u1
2021-07-11 05:58:24 configure perl-base:amd64 5.28.1-6+deb10u1 5.28.1-6+deb10u1
2021-07-11 05:58:24 status half-configured perl-base:amd64 5.28.1-6+deb10u1
2021-07-11 05:58:24 status installed perl-base:amd64 5.28.1-6+deb10u1
2021-07-11 05:58:24 startup archives install
2021-07-11 05:58:24 install mawk:amd64 <none> 1.3.3-17+b3
2021-07-11 05:58:24 status half-installed mawk:amd64 1.3.3-17+b3
2021-07-11 05:58:26 status unpacked mawk:amd64 1.3.3-17+b3
2021-07-11 05:58:26 configure mawk:amd64 1.3.3-17+b3 1.3.3-17+b3
2021-07-11 05:58:27 status half-configured mawk:amd64 1.3.3-17+b3
2021-07-11 05:58:27 status installed mawk:amd64 1.3.3-17+b3
2021-07-11 05:58:27 startup archives unpack
2021-07-11 05:58:27 install libacl1:amd64 <none> 2.2.53-4
2021-07-11 05:58:27 status half-installed libacl1:amd64 2.2.53-4
2021-07-11 05:58:28 status unpacked libacl1:amd64 2.2.53-4
2021-07-11 05:58:29 install adduser:all <none> 3.118
2021-07-11 05:58:29 status half-installed adduser:all 3.118
2021-07-11 05:58:36 status unpacked adduser:all 3.118
2021-07-11 05:58:37 install apt:amd64 <none> 1.8.2.3
2021-07-11 05:58:37 status half-installed apt:amd64 1.8.2.3
2021-07-11 05:58:54 status unpacked apt:amd64 1.8.2.3
2021-07-11 05:58:54 install libapt-pkg5.0:amd64 <none> 1.8.2.3
2021-07-11 05:58:54 status half-installed libapt-pkg5.0:amd64 1.8.2.3
2021-07-11 05:58:59 status unpacked libapt-pkg5.0:amd64 1.8.2.3
2021-07-11 05:59:00 install libattr1:amd64 <none> 1:2.4.48-4
2021-07-11 05:59:00 status half-installed libattr1:amd64 1:2.4.48-4
2021-07-11 05:59:00 status unpacked libattr1:amd64 1:2.4.48-4
2021-07-11 05:59:01 install libaudit-common:all <none> 1:2.8.4-3
2021-07-11 05:59:01 status half-installed libaudit-common:all 1:2.8.4-3
2021-07-11 05:59:02 status unpacked libaudit-common:all 1:2.8.4-3
2021-07-11 05:59:02 install libaudit1:amd64 <none> 1:2.8.4-3
2021-07-11 05:59:02 status half-installed libaudit1:amd64 1:2.8.4-3
2021-07-11 05:59:03 status unpacked libaudit1:amd64 1:2.8.4-3
2021-07-11 05:59:04 upgrade base-files:amd64 10.3+deb10u10 10.3+deb10u10
2021-07-11 05:59:04 status half-configured base-files:amd64 10.3+deb10u10
2021-07-11 05:59:04 status unpacked base-files:amd64 10.3+deb10u10
2021-07-11 05:59:04 status half-installed base-files:amd64 10.3+deb10u10
2021-07-11 05:59:07 status unpacked base-files:amd64 10.3+deb10u10
2021-07-11 05:59:07 upgrade base-passwd:amd64 3.5.46 3.5.46
2021-07-11 05:59:07 status half-configured base-passwd:amd64 3.5.46
2021-07-11 05:59:08 status unpacked base-passwd:amd64 3.5.46
2021-07-11 05:59:08 status half-installed base-passwd:amd64 3.5.46
2021-07-11 05:59:10 status unpacked base-passwd:amd64 3.5.46
2021-07-11 05:59:11 install bash:amd64 <none> 5.0-4
2021-07-11 05:59:11 status half-installed bash:amd64 5.0-4
2021-07-11 05:59:17 status unpacked bash:amd64 5.0-4
2021-07-11 05:59:17 install libbz2-1.0:amd64 <none> 1.0.6-9.2~deb10u1
2021-07-11 05:59:17 status half-installed libbz2-1.0:amd64 1.0.6-9.2~deb10u1
2021-07-11 05:59:18 status unpacked libbz2-1.0:amd64 1.0.6-9.2~deb10u1
2021-07-11 05:59:19 install libdebconfclient0:amd64 <none> 0.249
2021-07-11 05:59:19 status half-installed libdebconfclient0:amd64 0.249
2021-07-11 05:59:19 status unpacked libdebconfclient0:amd64 0.249
2021-07-11 05:59:20 install coreutils:amd64 <none> 8.30-3
2021-07-11 05:59:20 status half-installed coreutils:amd64 8.30-3
2021-07-11 05:59:41 status unpacked coreutils:amd64 8.30-3
2021-07-11 05:59:41 install dash:amd64 <none> 0.5.10.2-5
2021-07-11 05:59:41 status half-installed dash:amd64 0.5.10.2-5
2021-07-11 05:59:43 status unpacked dash:amd64 0.5.10.2-5
2021-07-11 05:59:44 install libdb5.3:amd64 <none> 5.3.28+dfsg1-0.5
2021-07-11 05:59:44 status half-installed libdb5.3:amd64 5.3.28+dfsg1-0.5
2021-07-11 05:59:45 status unpacked libdb5.3:amd64 5.3.28+dfsg1-0.5
2021-07-11 05:59:46 install debconf:all <none> 1.5.71
2021-07-11 05:59:46 status half-installed debconf:all 1.5.71
2021-07-11 05:59:59 status unpacked debconf:all 1.5.71
2021-07-11 06:00:00 install debian-archive-keyring:all <none> 2019.1+deb10u1
2021-07-11 06:00:00 status half-installed debian-archive-keyring:all 2019.1+deb10u1
2021-07-11 06:00:02 status unpacked debian-archive-keyring:all 2019.1+deb10u1
2021-07-11 06:00:02 install debianutils:amd64 <none> 4.8.6.1
2021-07-11 06:00:02 status half-installed debianutils:amd64 4.8.6.1
2021-07-11 06:00:08 status unpacked debianutils:amd64 4.8.6.1
2021-07-11 06:00:08 install diffutils:amd64 <none> 1:3.7-3
2021-07-11 06:00:08 status half-installed diffutils:amd64 1:3.7-3
2021-07-11 06:00:12 status unpacked diffutils:amd64 1:3.7-3
2021-07-11 06:00:13 upgrade dpkg:amd64 1.19.7 1.19.7
2021-07-11 06:00:13 status half-configured dpkg:amd64 1.19.7
2021-07-11 06:00:13 status unpacked dpkg:amd64 1.19.7
2021-07-11 06:00:13 status half-installed dpkg:amd64 1.19.7
2021-07-11 06:00:23 status unpacked dpkg:amd64 1.19.7
2021-07-11 06:00:23 install e2fsprogs:amd64 <none> 1.44.5-1+deb10u3
2021-07-11 06:00:23 status half-installed e2fsprogs:amd64 1.44.5-1+deb10u3
2021-07-11 06:00:27 status unpacked e2fsprogs:amd64 1.44.5-1+deb10u3
2021-07-11 06:00:27 install libcom-err2:amd64 <none> 1.44.5-1+deb10u3
2021-07-11 06:00:27 status half-installed libcom-err2:amd64 1.44.5-1+deb10u3
2021-07-11 06:00:28 status unpacked libcom-err2:amd64 1.44.5-1+deb10u3
2021-07-11 06:00:29 install libext2fs2:amd64 <none> 1.44.5-1+deb10u3
2021-07-11 06:00:29 status half-installed libext2fs2:amd64 1.44.5-1+deb10u3
2021-07-11 06:00:29 status unpacked libext2fs2:amd64 1.44.5-1+deb10u3
2021-07-11 06:00:30 install libss2:amd64 <none> 1.44.5-1+deb10u3
2021-07-11 06:00:30 status half-installed libss2:amd64 1.44.5-1+deb10u3
2021-07-11 06:00:31 status unpacked libss2:amd64 1.44.5-1+deb10u3
2021-07-11 06:00:31 install findutils:amd64 <none> 4.6.0+git+20190209-2
2021-07-11 06:00:31 status half-installed findutils:amd64 4.6.0+git+20190209-2
2021-07-11 06:00:36 status unpacked findutils:amd64 4.6.0+git+20190209-2
2021-07-11 06:00:36 install gcc-8-base:amd64 <none> 8.3.0-6
2021-07-11 06:00:36 status half-installed gcc-8-base:amd64 8.3.0-6
2021-07-11 06:00:37 status unpacked gcc-8-base:amd64 8.3.0-6
2021-07-11 06:00:38 install libgcc1:amd64 <none> 1:8.3.0-6
2021-07-11 06:00:38 status half-installed libgcc1:amd64 1:8.3.0-6
2021-07-11 06:00:39 status unpacked libgcc1:amd64 1:8.3.0-6
2021-07-11 06:00:40 install libstdc++6:amd64 <none> 8.3.0-6
2021-07-11 06:00:40 status half-installed libstdc++6:amd64 8.3.0-6
2021-07-11 06:00:42 status unpacked libstdc++6:amd64 8.3.0-6
2021-07-11 06:00:42 install libc-bin:amd64 <none> 2.28-10
2021-07-11 06:00:42 status half-installed libc-bin:amd64 2.28-10
2021-07-11 06:00:46 status unpacked libc-bin:amd64 2.28-10
2021-07-11 06:00:47 upgrade libc6:amd64 2.28-10 2.28-10
2021-07-11 06:00:47 status half-configured libc6:amd64 2.28-10
2021-07-11 06:00:47 status unpacked libc6:amd64 2.28-10
2021-07-11 06:00:47 status half-installed libc6:amd64 2.28-10
2021-07-11 06:01:14 status unpacked libc6:amd64 2.28-10
2021-07-11 06:01:15 install libgmp10:amd64 <none> 2:6.1.2+dfsg-4
2021-07-11 06:01:15 status half-installed libgmp10:amd64 2:6.1.2+dfsg-4
2021-07-11 06:01:16 status unpacked libgmp10:amd64 2:6.1.2+dfsg-4
2021-07-11 06:01:16 install gpgv:amd64 <none> 2.2.12-1+deb10u1
2021-07-11 06:01:16 status half-installed gpgv:amd64 2.2.12-1+deb10u1
2021-07-11 06:01:18 status unpacked gpgv:amd64 2.2.12-1+deb10u1
2021-07-11 06:01:18 install libgnutls30:amd64 <none> 3.6.7-4+deb10u7
2021-07-11 06:01:18 status half-installed libgnutls30:amd64 3.6.7-4+deb10u7
2021-07-11 06:01:21 status unpacked libgnutls30:amd64 3.6.7-4+deb10u7
2021-07-11 06:01:22 install grep:amd64 <none> 3.3-1
2021-07-11 06:01:22 status half-installed grep:amd64 3.3-1
2021-07-11 06:01:27 status unpacked grep:amd64 3.3-1
2021-07-11 06:01:28 install gzip:amd64 <none> 1.9-3
2021-07-11 06:01:28 status half-installed gzip:amd64 1.9-3
2021-07-11 06:01:31 status unpacked gzip:amd64 1.9-3
2021-07-11 06:01:31 install hostname:amd64 <none> 3.21
2021-07-11 06:01:31 status half-installed hostname:amd64 3.21
2021-07-11 06:01:33 status unpacked hostname:amd64 3.21
2021-07-11 06:01:33 install init-system-helpers:all <none> 1.56+nmu1
2021-07-11 06:01:33 status half-installed init-system-helpers:all 1.56+nmu1
2021-07-11 06:01:35 status unpacked init-system-helpers:all 1.56+nmu1
2021-07-11 06:01:35 install libcap-ng0:amd64 <none> 0.7.9-2
2021-07-11 06:01:35 status half-installed libcap-ng0:amd64 0.7.9-2
2021-07-11 06:01:37 status unpacked libcap-ng0:amd64 0.7.9-2
2021-07-11 06:01:37 install libffi6:amd64 <none> 3.2.1-9
2021-07-11 06:01:37 status half-installed libffi6:amd64 3.2.1-9
2021-07-11 06:01:38 status unpacked libffi6:amd64 3.2.1-9
2021-07-11 06:01:38 install libgcrypt20:amd64 <none> 1.8.4-5+deb10u1
2021-07-11 06:01:38 status half-installed libgcrypt20:amd64 1.8.4-5+deb10u1
2021-07-11 06:01:40 status unpacked libgcrypt20:amd64 1.8.4-5+deb10u1
2021-07-11 06:01:41 install libgpg-error0:amd64 <none> 1.35-1
2021-07-11 06:01:41 status half-installed libgpg-error0:amd64 1.35-1
2021-07-11 06:01:42 status unpacked libgpg-error0:amd64 1.35-1
2021-07-11 06:01:43 install libidn2-0:amd64 <none> 2.0.5-1+deb10u1
2021-07-11 06:01:43 status half-installed libidn2-0:amd64 2.0.5-1+deb10u1
2021-07-11 06:01:46 status unpacked libidn2-0:amd64 2.0.5-1+deb10u1
2021-07-11 06:01:47 install libseccomp2:amd64 <none> 2.3.3-4
2021-07-11 06:01:47 status half-installed libseccomp2:amd64 2.3.3-4
2021-07-11 06:01:48 status unpacked libseccomp2:amd64 2.3.3-4
2021-07-11 06:01:48 install libselinux1:amd64 <none> 2.8-1+b1
2021-07-11 06:01:48 status half-installed libselinux1:amd64 2.8-1+b1
2021-07-11 06:01:49 status unpacked libselinux1:amd64 2.8-1+b1
2021-07-11 06:01:50 install libsemanage-common:all <none> 2.8-2
2021-07-11 06:01:50 status half-installed libsemanage-common:all 2.8-2
2021-07-11 06:01:50 status unpacked libsemanage-common:all 2.8-2
2021-07-11 06:01:51 install libsemanage1:amd64 <none> 2.8-2
2021-07-11 06:01:51 status half-installed libsemanage1:amd64 2.8-2
2021-07-11 06:01:52 status unpacked libsemanage1:amd64 2.8-2
2021-07-11 06:01:53 install libsepol1:amd64 <none> 2.8-1
2021-07-11 06:01:53 status half-installed libsepol1:amd64 2.8-1
2021-07-11 06:01:53 status unpacked libsepol1:amd64 2.8-1
2021-07-11 06:01:54 install libtasn1-6:amd64 <none> 4.13-3
2021-07-11 06:01:54 status half-installed libtasn1-6:amd64 4.13-3
2021-07-11 06:01:55 status unpacked libtasn1-6:amd64 4.13-3
2021-07-11 06:01:56 install libunistring2:amd64 <none> 0.9.10-1
2021-07-11 06:01:56 status half-installed libunistring2:amd64 0.9.10-1
2021-07-11 06:01:56 status unpacked libunistring2:amd64 0.9.10-1
2021-07-11 06:01:57 install libzstd1:amd64 <none> 1.3.8+dfsg-3+deb10u2
2021-07-11 06:01:57 status half-installed libzstd1:amd64 1.3.8+dfsg-3+deb10u2
2021-07-11 06:01:58 status unpacked libzstd1:amd64 1.3.8+dfsg-3+deb10u2
2021-07-11 06:01:59 install liblz4-1:amd64 <none> 1.8.3-1+deb10u1
2021-07-11 06:01:59 status half-installed liblz4-1:amd64 1.8.3-1+deb10u1
2021-07-11 06:01:59 status unpacked liblz4-1:amd64 1.8.3-1+deb10u1
2021-07-11 06:02:00 upgrade mawk:amd64 1.3.3-17+b3 1.3.3-17+b3
2021-07-11 06:02:00 status half-configured mawk:amd64 1.3.3-17+b3
2021-07-11 06:02:00 status unpacked mawk:amd64 1.3.3-17+b3
2021-07-11 06:02:00 status half-installed mawk:amd64 1.3.3-17+b3
2021-07-11 06:02:02 status unpacked mawk:amd64 1.3.3-17+b3
2021-07-11 06:02:03 install libncursesw6:amd64 <none> 6.1+20181013-2+deb10u2
2021-07-11 06:02:03 status half-installed libncursesw6:amd64 6.1+20181013-2+deb10u2
2021-07-11 06:02:04 status unpacked libncursesw6:amd64 6.1+20181013-2+deb10u2
2021-07-11 06:02:04 install libtinfo6:amd64 <none> 6.1+20181013-2+deb10u2
2021-07-11 06:02:04 status half-installed libtinfo6:amd64 6.1+20181013-2+deb10u2
2021-07-11 06:02:06 status unpacked libtinfo6:amd64 6.1+20181013-2+deb10u2
2021-07-11 06:02:06 install ncurses-base:all <none> 6.1+20181013-2+deb10u2
2021-07-11 06:02:06 status half-installed ncurses-base:all 6.1+20181013-2+deb10u2
2021-07-11 06:02:11 status unpacked ncurses-base:all 6.1+20181013-2+deb10u2
2021-07-11 06:02:11 install ncurses-bin:amd64 <none> 6.1+20181013-2+deb10u2
2021-07-11 06:02:11 status half-installed ncurses-bin:amd64 6.1+20181013-2+deb10u2
2021-07-11 06:02:14 status unpacked ncurses-bin:amd64 6.1+20181013-2+deb10u2
2021-07-11 06:02:14 install libhogweed4:amd64 <none> 3.4.1-1
2021-07-11 06:02:14 status half-installed libhogweed4:amd64 3.4.1-1
2021-07-11 06:02:15 status unpacked libhogweed4:amd64 3.4.1-1
2021-07-11 06:02:15 install libnettle6:amd64 <none> 3.4.1-1
2021-07-11 06:02:15 status half-installed libnettle6:amd64 3.4.1-1
2021-07-11 06:02:16 status unpacked libnettle6:amd64 3.4.1-1
2021-07-11 06:02:17 install libp11-kit0:amd64 <none> 0.23.15-2+deb10u1
2021-07-11 06:02:17 status half-installed libp11-kit0:amd64 0.23.15-2+deb10u1
2021-07-11 06:02:18 status unpacked libp11-kit0:amd64 0.23.15-2+deb10u1
2021-07-11 06:02:19 install libpam-modules:amd64 <none> 1.3.1-5
2021-07-11 06:02:19 status half-installed libpam-modules:amd64 1.3.1-5
2021-07-11 06:02:28 status unpacked libpam-modules:amd64 1.3.1-5
2021-07-11 06:02:29 install libpam-modules-bin:amd64 <none> 1.3.1-5
2021-07-11 06:02:29 status half-installed libpam-modules-bin:amd64 1.3.1-5
2021-07-11 06:02:30 status unpacked libpam-modules-bin:amd64 1.3.1-5
2021-07-11 06:02:31 install libpam-runtime:all <none> 1.3.1-5
2021-07-11 06:02:31 status half-installed libpam-runtime:all 1.3.1-5
2021-07-11 06:02:41 status unpacked libpam-runtime:all 1.3.1-5
2021-07-11 06:02:41 install libpam0g:amd64 <none> 1.3.1-5
2021-07-11 06:02:41 status half-installed libpam0g:amd64 1.3.1-5
2021-07-11 06:02:43 status unpacked libpam0g:amd64 1.3.1-5
2021-07-11 06:02:43 install libpcre3:amd64 <none> 2:8.39-12
2021-07-11 06:02:43 status half-installed libpcre3:amd64 2:8.39-12
2021-07-11 06:02:45 status unpacked libpcre3:amd64 2:8.39-12
2021-07-11 06:02:45 upgrade perl-base:amd64 5.28.1-6+deb10u1 5.28.1-6+deb10u1
2021-07-11 06:02:45 status half-configured perl-base:amd64 5.28.1-6+deb10u1
2021-07-11 06:02:45 status unpacked perl-base:amd64 5.28.1-6+deb10u1
2021-07-11 06:02:45 status half-installed perl-base:amd64 5.28.1-6+deb10u1
2021-07-11 06:03:19 status unpacked perl-base:amd64 5.28.1-6+deb10u1
2021-07-11 06:03:20 install sed:amd64 <none> 4.7-1
2021-07-11 06:03:20 status half-installed sed:amd64 4.7-1
2021-07-11 06:03:25 status unpacked sed:amd64 4.7-1
2021-07-11 06:03:25 install login:amd64 <none> 1:4.5-1.1
2021-07-11 06:03:25 status half-installed login:amd64 1:4.5-1.1
2021-07-11 06:03:38 status unpacked login:amd64 1:4.5-1.1
2021-07-11 06:03:38 install passwd:amd64 <none> 1:4.5-1.1
2021-07-11 06:03:38 status half-installed passwd:amd64 1:4.5-1.1
2021-07-11 06:04:06 status unpacked passwd:amd64 1:4.5-1.1
2021-07-11 06:04:07 install libsystemd0:amd64 <none> 241-7~deb10u7
2021-07-11 06:04:07 status half-installed libsystemd0:amd64 241-7~deb10u7
2021-07-11 06:04:08 status unpacked libsystemd0:amd64 241-7~deb10u7
2021-07-11 06:04:09 install libudev1:amd64 <none> 241-7~deb10u7
2021-07-11 06:04:09 status half-installed libudev1:amd64 241-7~deb10u7
2021-07-11 06:04:10 status unpacked libudev1:amd64 241-7~deb10u7
2021-07-11 06:04:10 install sysvinit-utils:amd64 <none> 2.93-8
2021-07-11 06:04:10 status half-installed sysvinit-utils:amd64 2.93-8
2021-07-11 06:04:12 status unpacked sysvinit-utils:amd64 2.93-8
2021-07-11 06:04:12 install tar:amd64 <none> 1.30+dfsg-6
2021-07-11 06:04:12 status half-installed tar:amd64 1.30+dfsg-6
2021-07-11 06:04:18 status unpacked tar:amd64 1.30+dfsg-6
2021-07-11 06:04:19 install tzdata:all <none> 2021a-0+deb10u1
2021-07-11 06:04:19 status half-installed tzdata:all 2021a-0+deb10u1
2021-07-11 06:04:46 status unpacked tzdata:all 2021a-0+deb10u1
2021-07-11 06:04:47 install bsdutils:amd64 <none> 1:2.33.1-0.1
2021-07-11 06:04:47 status half-installed bsdutils:amd64 1:2.33.1-0.1
2021-07-11 06:04:49 status unpacked bsdutils:amd64 1:2.33.1-0.1
2021-07-11 06:04:52 install fdisk:amd64 <none> 2.33.1-0.1
2021-07-11 06:04:52 status half-installed fdisk:amd64 2.33.1-0.1
2021-07-11 06:04:53 status unpacked fdisk:amd64 2.33.1-0.1
2021-07-11 06:04:54 install libblkid1:amd64 <none> 2.33.1-0.1
2021-07-11 06:04:54 status half-installed libblkid1:amd64 2.33.1-0.1
2021-07-11 06:04:55 status unpacked libblkid1:amd64 2.33.1-0.1
2021-07-11 06:04:56 install libfdisk1:amd64 <none> 2.33.1-0.1
2021-07-11 06:04:56 status half-installed libfdisk1:amd64 2.33.1-0.1
2021-07-11 06:04:56 status unpacked libfdisk1:amd64 2.33.1-0.1
2021-07-11 06:04:57 install libmount1:amd64 <none> 2.33.1-0.1
2021-07-11 06:04:57 status half-installed libmount1:amd64 2.33.1-0.1
2021-07-11 06:04:58 status unpacked libmount1:amd64 2.33.1-0.1
2021-07-11 06:04:59 install libsmartcols1:amd64 <none> 2.33.1-0.1
2021-07-11 06:04:59 status half-installed libsmartcols1:amd64 2.33.1-0.1
2021-07-11 06:05:00 status unpacked libsmartcols1:amd64 2.33.1-0.1
2021-07-11 06:05:01 install libuuid1:amd64 <none> 2.33.1-0.1
2021-07-11 06:05:01 status half-installed libuuid1:amd64 2.33.1-0.1
2021-07-11 06:05:01 status unpacked libuuid1:amd64 2.33.1-0.1
2021-07-11 06:05:02 install mount:amd64 <none> 2.33.1-0.1
2021-07-11 06:05:02 status half-installed mount:amd64 2.33.1-0.1
2021-07-11 06:05:05 status unpacked mount:amd64 2.33.1-0.1
2021-07-11 06:05:05 install util-linux:amd64 <none> 2.33.1-0.1
2021-07-11 06:05:05 status half-installed util-linux:amd64 2.33.1-0.1
2021-07-11 06:05:35 status unpacked util-linux:amd64 2.33.1-0.1
2021-07-11 06:05:35 install liblzma5:amd64 <none> 5.2.4-1
2021-07-11 06:05:35 status half-installed liblzma5:amd64 5.2.4-1
2021-07-11 06:05:37 status unpacked liblzma5:amd64 5.2.4-1
2021-07-11 06:05:37 install zlib1g:amd64 <none> 1:1.2.11.dfsg-1
2021-07-11 06:05:37 status half-installed zlib1g:amd64 1:1.2.11.dfsg-1
2021-07-11 06:05:38 status unpacked zlib1g:amd64 1:1.2.11.dfsg-1
2021-07-11 06:05:39 startup packages configure
2021-07-11 06:05:39 configure debian-archive-keyring:all 2019.1+deb10u1 <none>
2021-07-11 06:05:39 status unpacked debian-archive-keyring:all 2019.1+deb10u1
2021-07-11 06:05:40 status half-configured debian-archive-keyring:all 2019.1+deb10u1
2021-07-11 06:05:40 status installed debian-archive-keyring:all 2019.1+deb10u1
2021-07-11 06:05:40 configure libaudit-common:all 1:2.8.4-3 <none>
2021-07-11 06:05:40 status unpacked libaudit-common:all 1:2.8.4-3
2021-07-11 06:05:40 status half-configured libaudit-common:all 1:2.8.4-3
2021-07-11 06:05:40 status installed libaudit-common:all 1:2.8.4-3
2021-07-11 06:05:40 configure libsemanage-common:all 2.8-2 <none>
2021-07-11 06:05:40 status unpacked libsemanage-common:all 2.8-2
2021-07-11 06:05:40 status half-configured libsemanage-common:all 2.8-2
2021-07-11 06:05:41 status installed libsemanage-common:all 2.8-2
2021-07-11 06:05:41 configure ncurses-base:all 6.1+20181013-2+deb10u2 <none>
2021-07-11 06:05:41 status unpacked ncurses-base:all 6.1+20181013-2+deb10u2
2021-07-11 06:05:41 status half-configured ncurses-base:all 6.1+20181013-2+deb10u2
2021-07-11 06:05:41 status installed ncurses-base:all 6.1+20181013-2+deb10u2
2021-07-11 06:05:41 configure gcc-8-base:amd64 8.3.0-6 <none>
2021-07-11 06:05:41 status unpacked gcc-8-base:amd64 8.3.0-6
2021-07-11 06:05:42 status half-configured gcc-8-base:amd64 8.3.0-6
2021-07-11 06:05:42 status installed gcc-8-base:amd64 8.3.0-6
2021-07-11 06:05:42 configure libc6:amd64 2.28-10 <none>
2021-07-11 06:05:42 status unpacked libc6:amd64 2.28-10
2021-07-11 06:05:42 status half-configured libc6:amd64 2.28-10
2021-07-11 06:05:43 status installed libc6:amd64 2.28-10
2021-07-11 06:05:44 configure libudev1:amd64 241-7~deb10u7 <none>
2021-07-11 06:05:44 status unpacked libudev1:amd64 241-7~deb10u7
2021-07-11 06:05:44 status half-configured libudev1:amd64 241-7~deb10u7
2021-07-11 06:05:44 status installed libudev1:amd64 241-7~deb10u7
2021-07-11 06:05:44 configure libsepol1:amd64 2.8-1 <none>
2021-07-11 06:05:44 status unpacked libsepol1:amd64 2.8-1
2021-07-11 06:05:44 status half-configured libsepol1:amd64 2.8-1
2021-07-11 06:05:44 status installed libsepol1:amd64 2.8-1
2021-07-11 06:05:45 configure libattr1:amd64 1:2.4.48-4 <none>
2021-07-11 06:05:45 status unpacked libattr1:amd64 1:2.4.48-4
2021-07-11 06:05:45 status half-configured libattr1:amd64 1:2.4.48-4
2021-07-11 06:05:45 status installed libattr1:amd64 1:2.4.48-4
2021-07-11 06:05:45 configure libtasn1-6:amd64 4.13-3 <none>
2021-07-11 06:05:45 status unpacked libtasn1-6:amd64 4.13-3
2021-07-11 06:05:45 status half-configured libtasn1-6:amd64 4.13-3
2021-07-11 06:05:45 status installed libtasn1-6:amd64 4.13-3
2021-07-11 06:05:46 configure debianutils:amd64 4.8.6.1 <none>
2021-07-11 06:05:46 status unpacked debianutils:amd64 4.8.6.1
2021-07-11 06:05:46 status half-configured debianutils:amd64 4.8.6.1
2021-07-11 06:05:46 status installed debianutils:amd64 4.8.6.1
2021-07-11 06:05:46 configure mawk:amd64 1.3.3-17+b3 <none>
2021-07-11 06:05:46 status unpacked mawk:amd64 1.3.3-17+b3
2021-07-11 06:05:46 status half-configured mawk:amd64 1.3.3-17+b3
2021-07-11 06:05:46 status installed mawk:amd64 1.3.3-17+b3
2021-07-11 06:05:47 configure libdebconfclient0:amd64 0.249 <none>
2021-07-11 06:05:47 status unpacked libdebconfclient0:amd64 0.249
2021-07-11 06:05:47 status half-configured libdebconfclient0:amd64 0.249
2021-07-11 06:05:47 status installed libdebconfclient0:amd64 0.249
2021-07-11 06:05:47 configure base-files:amd64 10.3+deb10u10 <none>
2021-07-11 06:05:47 status unpacked base-files:amd64 10.3+deb10u10
2021-07-11 06:05:48 status half-configured base-files:amd64 10.3+deb10u10
2021-07-11 06:05:48 status installed base-files:amd64 10.3+deb10u10
2021-07-11 06:05:48 configure libbz2-1.0:amd64 1.0.6-9.2~deb10u1 <none>
2021-07-11 06:05:48 status unpacked libbz2-1.0:amd64 1.0.6-9.2~deb10u1
2021-07-11 06:05:48 status half-configured libbz2-1.0:amd64 1.0.6-9.2~deb10u1
2021-07-11 06:05:49 status installed libbz2-1.0:amd64 1.0.6-9.2~deb10u1
2021-07-11 06:05:49 configure base-passwd:amd64 3.5.46 <none>
2021-07-11 06:05:49 status unpacked base-passwd:amd64 3.5.46
2021-07-11 06:05:49 status half-configured base-passwd:amd64 3.5.46
2021-07-11 06:05:49 status installed base-passwd:amd64 3.5.46
2021-07-11 06:05:49 configure libdb5.3:amd64 5.3.28+dfsg1-0.5 <none>
2021-07-11 06:05:49 status unpacked libdb5.3:amd64 5.3.28+dfsg1-0.5
2021-07-11 06:05:50 status half-configured libdb5.3:amd64 5.3.28+dfsg1-0.5
2021-07-11 06:05:50 status installed libdb5.3:amd64 5.3.28+dfsg1-0.5
2021-07-11 06:05:50 configure libtinfo6:amd64 6.1+20181013-2+deb10u2 <none>
2021-07-11 06:05:50 status unpacked libtinfo6:amd64 6.1+20181013-2+deb10u2
2021-07-11 06:05:50 status half-configured libtinfo6:amd64 6.1+20181013-2+deb10u2
2021-07-11 06:05:50 status installed libtinfo6:amd64 6.1+20181013-2+deb10u2
2021-07-11 06:05:50 configure bash:amd64 5.0-4 <none>
2021-07-11 06:05:50 status unpacked bash:amd64 5.0-4
2021-07-11 06:05:51 status half-configured bash:amd64 5.0-4
2021-07-11 06:05:51 status installed bash:amd64 5.0-4
2021-07-11 06:05:51 configure libzstd1:amd64 1.3.8+dfsg-3+deb10u2 <none>
2021-07-11 06:05:51 status unpacked libzstd1:amd64 1.3.8+dfsg-3+deb10u2
2021-07-11 06:05:52 status half-configured libzstd1:amd64 1.3.8+dfsg-3+deb10u2
2021-07-11 06:05:52 status installed libzstd1:amd64 1.3.8+dfsg-3+deb10u2
2021-07-11 06:05:52 configure liblzma5:amd64 5.2.4-1 <none>
2021-07-11 06:05:52 status unpacked liblzma5:amd64 5.2.4-1
2021-07-11 06:05:52 status half-configured liblzma5:amd64 5.2.4-1
2021-07-11 06:05:52 status installed liblzma5:amd64 5.2.4-1
2021-07-11 06:05:52 configure libgpg-error0:amd64 1.35-1 <none>
2021-07-11 06:05:52 status unpacked libgpg-error0:amd64 1.35-1
2021-07-11 06:05:52 status half-configured libgpg-error0:amd64 1.35-1
2021-07-11 06:05:53 status installed libgpg-error0:amd64 1.35-1
2021-07-11 06:05:53 configure libgcc1:amd64 1:8.3.0-6 <none>
2021-07-11 06:05:53 status unpacked libgcc1:amd64 1:8.3.0-6
2021-07-11 06:05:53 status half-configured libgcc1:amd64 1:8.3.0-6
2021-07-11 06:05:53 status installed libgcc1:amd64 1:8.3.0-6
2021-07-11 06:05:53 configure liblz4-1:amd64 1.8.3-1+deb10u1 <none>
2021-07-11 06:05:53 status unpacked liblz4-1:amd64 1.8.3-1+deb10u1
2021-07-11 06:05:53 status half-configured liblz4-1:amd64 1.8.3-1+deb10u1
2021-07-11 06:05:53 status installed liblz4-1:amd64 1.8.3-1+deb10u1
2021-07-11 06:05:54 configure libc-bin:amd64 2.28-10 <none>
2021-07-11 06:05:54 status unpacked libc-bin:amd64 2.28-10
2021-07-11 06:05:54 status half-configured libc-bin:amd64 2.28-10
2021-07-11 06:05:55 status installed libc-bin:amd64 2.28-10
2021-07-11 06:05:55 configure ncurses-bin:amd64 6.1+20181013-2+deb10u2 <none>
2021-07-11 06:05:55 status unpacked ncurses-bin:amd64 6.1+20181013-2+deb10u2
2021-07-11 06:05:55 status half-configured ncurses-bin:amd64 6.1+20181013-2+deb10u2
2021-07-11 06:05:55 status installed ncurses-bin:amd64 6.1+20181013-2+deb10u2
2021-07-11 06:05:55 configure libacl1:amd64 2.2.53-4 <none>
2021-07-11 06:05:55 status triggers-pending libc-bin:amd64 2.28-10
2021-07-11 06:05:56 status unpacked libacl1:amd64 2.2.53-4
2021-07-11 06:05:56 status half-configured libacl1:amd64 2.2.53-4
2021-07-11 06:05:56 status installed libacl1:amd64 2.2.53-4
2021-07-11 06:05:56 configure libunistring2:amd64 0.9.10-1 <none>
2021-07-11 06:05:56 status unpacked libunistring2:amd64 0.9.10-1
2021-07-11 06:05:56 status half-configured libunistring2:amd64 0.9.10-1
2021-07-11 06:05:56 status installed libunistring2:amd64 0.9.10-1
2021-07-11 06:05:56 configure libsmartcols1:amd64 2.33.1-0.1 <none>
2021-07-11 06:05:56 status unpacked libsmartcols1:amd64 2.33.1-0.1
2021-07-11 06:05:56 status half-configured libsmartcols1:amd64 2.33.1-0.1
2021-07-11 06:05:57 status installed libsmartcols1:amd64 2.33.1-0.1
2021-07-11 06:05:57 configure libgcrypt20:amd64 1.8.4-5+deb10u1 <none>
2021-07-11 06:05:57 status unpacked libgcrypt20:amd64 1.8.4-5+deb10u1
2021-07-11 06:05:57 status half-configured libgcrypt20:amd64 1.8.4-5+deb10u1
2021-07-11 06:05:57 status installed libgcrypt20:amd64 1.8.4-5+deb10u1
2021-07-11 06:05:57 configure zlib1g:amd64 1:1.2.11.dfsg-1 <none>
2021-07-11 06:05:57 status unpacked zlib1g:amd64 1:1.2.11.dfsg-1
2021-07-11 06:05:57 status half-configured zlib1g:amd64 1:1.2.11.dfsg-1
2021-07-11 06:05:57 status installed zlib1g:amd64 1:1.2.11.dfsg-1
2021-07-11 06:05:58 configure libffi6:amd64 3.2.1-9 <none>
2021-07-11 06:05:58 status unpacked libffi6:amd64 3.2.1-9
2021-07-11 06:05:58 status half-configured libffi6:amd64 3.2.1-9
2021-07-11 06:05:58 status installed libffi6:amd64 3.2.1-9
2021-07-11 06:05:58 configure libidn2-0:amd64 2.0.5-1+deb10u1 <none>
2021-07-11 06:05:58 status unpacked libidn2-0:amd64 2.0.5-1+deb10u1
2021-07-11 06:05:58 status half-configured libidn2-0:amd64 2.0.5-1+deb10u1
2021-07-11 06:05:58 status installed libidn2-0:amd64 2.0.5-1+deb10u1
2021-07-11 06:05:58 configure libcom-err2:amd64 1.44.5-1+deb10u3 <none>
2021-07-11 06:05:58 status unpacked libcom-err2:amd64 1.44.5-1+deb10u3
2021-07-11 06:05:58 status half-configured libcom-err2:amd64 1.44.5-1+deb10u3
2021-07-11 06:05:59 status installed libcom-err2:amd64 1.44.5-1+deb10u3
2021-07-11 06:05:59 configure diffutils:amd64 1:3.7-3 <none>
2021-07-11 06:05:59 status unpacked diffutils:amd64 1:3.7-3
2021-07-11 06:05:59 status half-configured diffutils:amd64 1:3.7-3
2021-07-11 06:05:59 status installed diffutils:amd64 1:3.7-3
2021-07-11 06:05:59 configure libseccomp2:amd64 2.3.3-4 <none>
2021-07-11 06:05:59 status unpacked libseccomp2:amd64 2.3.3-4
2021-07-11 06:05:59 status half-configured libseccomp2:amd64 2.3.3-4
2021-07-11 06:05:59 status installed libseccomp2:amd64 2.3.3-4
2021-07-11 06:05:59 configure libsystemd0:amd64 241-7~deb10u7 <none>
2021-07-11 06:05:59 status unpacked libsystemd0:amd64 241-7~deb10u7
2021-07-11 06:06:00 status half-configured libsystemd0:amd64 241-7~deb10u7
2021-07-11 06:06:00 status installed libsystemd0:amd64 241-7~deb10u7
2021-07-11 06:06:00 configure hostname:amd64 3.21 <none>
2021-07-11 06:06:00 status unpacked hostname:amd64 3.21
2021-07-11 06:06:00 status half-configured hostname:amd64 3.21
2021-07-11 06:06:00 status installed hostname:amd64 3.21
2021-07-11 06:06:00 configure libpcre3:amd64 2:8.39-12 <none>
2021-07-11 06:06:00 status unpacked libpcre3:amd64 2:8.39-12
2021-07-11 06:06:00 status half-configured libpcre3:amd64 2:8.39-12
2021-07-11 06:06:00 status installed libpcre3:amd64 2:8.39-12
2021-07-11 06:06:01 configure libcap-ng0:amd64 0.7.9-2 <none>
2021-07-11 06:06:01 status unpacked libcap-ng0:amd64 0.7.9-2
2021-07-11 06:06:01 status half-configured libcap-ng0:amd64 0.7.9-2
2021-07-11 06:06:01 status installed libcap-ng0:amd64 0.7.9-2
2021-07-11 06:06:01 configure libext2fs2:amd64 1.44.5-1+deb10u3 <none>
2021-07-11 06:06:01 status unpacked libext2fs2:amd64 1.44.5-1+deb10u3
2021-07-11 06:06:01 status half-configured libext2fs2:amd64 1.44.5-1+deb10u3
2021-07-11 06:06:01 status installed libext2fs2:amd64 1.44.5-1+deb10u3
2021-07-11 06:06:01 configure libgmp10:amd64 2:6.1.2+dfsg-4 <none>
2021-07-11 06:06:01 status unpacked libgmp10:amd64 2:6.1.2+dfsg-4
2021-07-11 06:06:01 status half-configured libgmp10:amd64 2:6.1.2+dfsg-4
2021-07-11 06:06:02 status installed libgmp10:amd64 2:6.1.2+dfsg-4
2021-07-11 06:06:02 configure libp11-kit0:amd64 0.23.15-2+deb10u1 <none>
2021-07-11 06:06:02 status unpacked libp11-kit0:amd64 0.23.15-2+deb10u1
2021-07-11 06:06:02 status half-configured libp11-kit0:amd64 0.23.15-2+deb10u1
2021-07-11 06:06:02 status installed libp11-kit0:amd64 0.23.15-2+deb10u1
2021-07-11 06:06:02 configure libaudit1:amd64 1:2.8.4-3 <none>
2021-07-11 06:06:02 status unpacked libaudit1:amd64 1:2.8.4-3
2021-07-11 06:06:02 status half-configured libaudit1:amd64 1:2.8.4-3
2021-07-11 06:06:02 status installed libaudit1:amd64 1:2.8.4-3
2021-07-11 06:06:02 configure libuuid1:amd64 2.33.1-0.1 <none>
2021-07-11 06:06:02 status unpacked libuuid1:amd64 2.33.1-0.1
2021-07-11 06:06:03 status half-configured libuuid1:amd64 2.33.1-0.1
2021-07-11 06:06:03 status installed libuuid1:amd64 2.33.1-0.1
2021-07-11 06:06:03 configure libss2:amd64 1.44.5-1+deb10u3 <none>
2021-07-11 06:06:03 status unpacked libss2:amd64 1.44.5-1+deb10u3
2021-07-11 06:06:03 status half-configured libss2:amd64 1.44.5-1+deb10u3
2021-07-11 06:06:03 status installed libss2:amd64 1.44.5-1+deb10u3
2021-07-11 06:06:03 configure libncursesw6:amd64 6.1+20181013-2+deb10u2 <none>
2021-07-11 06:06:03 status unpacked libncursesw6:amd64 6.1+20181013-2+deb10u2
2021-07-11 06:06:03 status half-configured libncursesw6:amd64 6.1+20181013-2+deb10u2
2021-07-11 06:06:03 status installed libncursesw6:amd64 6.1+20181013-2+deb10u2
2021-07-11 06:06:04 configure libnettle6:amd64 3.4.1-1 <none>
2021-07-11 06:06:04 status unpacked libnettle6:amd64 3.4.1-1
2021-07-11 06:06:04 status half-configured libnettle6:amd64 3.4.1-1
2021-07-11 06:06:04 status installed libnettle6:amd64 3.4.1-1
2021-07-11 06:06:04 configure gpgv:amd64 2.2.12-1+deb10u1 <none>
2021-07-11 06:06:04 status unpacked gpgv:amd64 2.2.12-1+deb10u1
2021-07-11 06:06:04 status half-configured gpgv:amd64 2.2.12-1+deb10u1
2021-07-11 06:06:04 status installed gpgv:amd64 2.2.12-1+deb10u1
2021-07-11 06:06:04 configure libblkid1:amd64 2.33.1-0.1 <none>
2021-07-11 06:06:04 status unpacked libblkid1:amd64 2.33.1-0.1
2021-07-11 06:06:04 status half-configured libblkid1:amd64 2.33.1-0.1
2021-07-11 06:06:05 status installed libblkid1:amd64 2.33.1-0.1
2021-07-11 06:06:05 configure libstdc++6:amd64 8.3.0-6 <none>
2021-07-11 06:06:05 status unpacked libstdc++6:amd64 8.3.0-6
2021-07-11 06:06:05 status half-configured libstdc++6:amd64 8.3.0-6
2021-07-11 06:06:05 status installed libstdc++6:amd64 8.3.0-6
2021-07-11 06:06:05 configure bsdutils:amd64 1:2.33.1-0.1 <none>
2021-07-11 06:06:05 status unpacked bsdutils:amd64 1:2.33.1-0.1
2021-07-11 06:06:05 status half-configured bsdutils:amd64 1:2.33.1-0.1
2021-07-11 06:06:05 status installed bsdutils:amd64 1:2.33.1-0.1
2021-07-11 06:06:06 configure libhogweed4:amd64 3.4.1-1 <none>
2021-07-11 06:06:06 status unpacked libhogweed4:amd64 3.4.1-1
2021-07-11 06:06:06 status half-configured libhogweed4:amd64 3.4.1-1
2021-07-11 06:06:06 status installed libhogweed4:amd64 3.4.1-1
2021-07-11 06:06:06 configure e2fsprogs:amd64 1.44.5-1+deb10u3 <none>
2021-07-11 06:06:06 status unpacked e2fsprogs:amd64 1.44.5-1+deb10u3
2021-07-11 06:06:06 status half-configured e2fsprogs:amd64 1.44.5-1+deb10u3
2021-07-11 06:06:06 status installed e2fsprogs:amd64 1.44.5-1+deb10u3
2021-07-11 06:06:06 configure libselinux1:amd64 2.8-1+b1 <none>
2021-07-11 06:06:06 status unpacked libselinux1:amd64 2.8-1+b1
2021-07-11 06:06:07 status half-configured libselinux1:amd64 2.8-1+b1
2021-07-11 06:06:07 status installed libselinux1:amd64 2.8-1+b1
2021-07-11 06:06:07 configure libgnutls30:amd64 3.6.7-4+deb10u7 <none>
2021-07-11 06:06:07 status unpacked libgnutls30:amd64 3.6.7-4+deb10u7
2021-07-11 06:06:07 status half-configured libgnutls30:amd64 3.6.7-4+deb10u7
2021-07-11 06:06:07 status installed libgnutls30:amd64 3.6.7-4+deb10u7
2021-07-11 06:06:07 configure sed:amd64 4.7-1 <none>
2021-07-11 06:06:07 status unpacked sed:amd64 4.7-1
2021-07-11 06:06:07 status half-configured sed:amd64 4.7-1
2021-07-11 06:06:07 status installed sed:amd64 4.7-1
2021-07-11 06:06:08 configure libfdisk1:amd64 2.33.1-0.1 <none>
2021-07-11 06:06:08 status unpacked libfdisk1:amd64 2.33.1-0.1
2021-07-11 06:06:08 status half-configured libfdisk1:amd64 2.33.1-0.1
2021-07-11 06:06:08 status installed libfdisk1:amd64 2.33.1-0.1
2021-07-11 06:06:08 configure findutils:amd64 4.6.0+git+20190209-2 <none>
2021-07-11 06:06:08 status unpacked findutils:amd64 4.6.0+git+20190209-2
2021-07-11 06:06:08 status half-configured findutils:amd64 4.6.0+git+20190209-2
2021-07-11 06:06:08 status installed findutils:amd64 4.6.0+git+20190209-2
2021-07-11 06:06:08 configure libmount1:amd64 2.33.1-0.1 <none>
2021-07-11 06:06:08 status unpacked libmount1:amd64 2.33.1-0.1
2021-07-11 06:06:09 status half-configured libmount1:amd64 2.33.1-0.1
2021-07-11 06:06:09 status installed libmount1:amd64 2.33.1-0.1
2021-07-11 06:06:09 configure libapt-pkg5.0:amd64 1.8.2.3 <none>
2021-07-11 06:06:09 status unpacked libapt-pkg5.0:amd64 1.8.2.3
2021-07-11 06:06:09 status half-configured libapt-pkg5.0:amd64 1.8.2.3
2021-07-11 06:06:09 status installed libapt-pkg5.0:amd64 1.8.2.3
2021-07-11 06:06:09 configure libsemanage1:amd64 2.8-2 <none>
2021-07-11 06:06:09 status unpacked libsemanage1:amd64 2.8-2
2021-07-11 06:06:09 status half-configured libsemanage1:amd64 2.8-2
2021-07-11 06:06:09 status installed libsemanage1:amd64 2.8-2
2021-07-11 06:06:10 configure tar:amd64 1.30+dfsg-6 <none>
2021-07-11 06:06:10 status unpacked tar:amd64 1.30+dfsg-6
2021-07-11 06:06:10 status half-configured tar:amd64 1.30+dfsg-6
2021-07-11 06:06:10 status installed tar:amd64 1.30+dfsg-6
2021-07-11 06:06:10 configure coreutils:amd64 8.30-3 <none>
2021-07-11 06:06:10 status unpacked coreutils:amd64 8.30-3
2021-07-11 06:06:10 status half-configured coreutils:amd64 8.30-3
2021-07-11 06:06:10 status installed coreutils:amd64 8.30-3
2021-07-11 06:06:11 configure fdisk:amd64 2.33.1-0.1 <none>
2021-07-11 06:06:11 status unpacked fdisk:amd64 2.33.1-0.1
2021-07-11 06:06:11 status half-configured fdisk:amd64 2.33.1-0.1
2021-07-11 06:06:11 status installed fdisk:amd64 2.33.1-0.1
2021-07-11 06:06:11 configure dpkg:amd64 1.19.7 <none>
2021-07-11 06:06:11 status unpacked dpkg:amd64 1.19.7
2021-07-11 06:06:12 status half-configured dpkg:amd64 1.19.7
2021-07-11 06:06:12 status installed dpkg:amd64 1.19.7
2021-07-11 06:06:12 configure grep:amd64 3.3-1 <none>
2021-07-11 06:06:12 status unpacked grep:amd64 3.3-1
2021-07-11 06:06:12 status half-configured grep:amd64 3.3-1
2021-07-11 06:06:12 status installed grep:amd64 3.3-1
2021-07-11 06:06:12 configure perl-base:amd64 5.28.1-6+deb10u1 <none>
2021-07-11 06:06:12 status unpacked perl-base:amd64 5.28.1-6+deb10u1
2021-07-11 06:06:13 status half-configured perl-base:amd64 5.28.1-6+deb10u1
2021-07-11 06:06:13 status installed perl-base:amd64 5.28.1-6+deb10u1
2021-07-11 06:06:13 configure init-system-helpers:all 1.56+nmu1 <none>
2021-07-11 06:06:13 status unpacked init-system-helpers:all 1.56+nmu1
2021-07-11 06:06:13 status half-configured init-system-helpers:all 1.56+nmu1
2021-07-11 06:06:13 status installed init-system-helpers:all 1.56+nmu1
2021-07-11 06:06:13 configure gzip:amd64 1.9-3 <none>
2021-07-11 06:06:13 status unpacked gzip:amd64 1.9-3
2021-07-11 06:06:13 status half-configured gzip:amd64 1.9-3
2021-07-11 06:06:14 status installed gzip:amd64 1.9-3
2021-07-11 06:06:14 configure debconf:all 1.5.71 <none>
2021-07-11 06:06:14 status unpacked debconf:all 1.5.71
2021-07-11 06:06:14 status half-configured debconf:all 1.5.71
2021-07-11 06:06:15 status installed debconf:all 1.5.71
2021-07-11 06:06:15 configure tzdata:all 2021a-0+deb10u1 <none>
2021-07-11 06:06:15 status unpacked tzdata:all 2021a-0+deb10u1
2021-07-11 06:06:15 status half-configured tzdata:all 2021a-0+deb10u1
2021-07-11 06:06:16 status installed tzdata:all 2021a-0+deb10u1
2021-07-11 06:06:16 configure libpam0g:amd64 1.3.1-5 <none>
2021-07-11 06:06:16 status unpacked libpam0g:amd64 1.3.1-5
2021-07-11 06:06:16 status half-configured libpam0g:amd64 1.3.1-5
2021-07-11 06:06:17 status installed libpam0g:amd64 1.3.1-5
2021-07-11 06:06:17 configure dash:amd64 0.5.10.2-5 <none>
2021-07-11 06:06:17 status unpacked dash:amd64 0.5.10.2-5
2021-07-11 06:06:17 status half-configured dash:amd64 0.5.10.2-5
2021-07-11 06:06:18 status installed dash:amd64 0.5.10.2-5
2021-07-11 06:06:18 configure libpam-modules-bin:amd64 1.3.1-5 <none>
2021-07-11 06:06:18 status unpacked libpam-modules-bin:amd64 1.3.1-5
2021-07-11 06:06:18 status half-configured libpam-modules-bin:amd64 1.3.1-5
2021-07-11 06:06:18 status installed libpam-modules-bin:amd64 1.3.1-5
2021-07-11 06:06:19 configure libpam-modules:amd64 1.3.1-5 <none>
2021-07-11 06:06:19 status unpacked libpam-modules:amd64 1.3.1-5
2021-07-11 06:06:20 status half-configured libpam-modules:amd64 1.3.1-5
2021-07-11 06:06:20 status installed libpam-modules:amd64 1.3.1-5
2021-07-11 06:06:20 configure passwd:amd64 1:4.5-1.1 <none>
2021-07-11 06:06:20 status unpacked passwd:amd64 1:4.5-1.1
2021-07-11 06:06:21 status half-configured passwd:amd64 1:4.5-1.1
2021-07-11 06:06:22 status installed passwd:amd64 1:4.5-1.1
2021-07-11 06:06:22 configure libpam-runtime:all 1.3.1-5 <none>
2021-07-11 06:06:22 status unpacked libpam-runtime:all 1.3.1-5
2021-07-11 06:06:22 status half-configured libpam-runtime:all 1.3.1-5
2021-07-11 06:06:23 status installed libpam-runtime:all 1.3.1-5
2021-07-11 06:06:23 configure login:amd64 1:4.5-1.1 <none>
2021-07-11 06:06:23 status unpacked login:amd64 1:4.5-1.1
2021-07-11 06:06:24 status half-configured login:amd64 1:4.5-1.1
2021-07-11 06:06:24 status installed login:amd64 1:4.5-1.1
2021-07-11 06:06:24 configure adduser:all 3.118 <none>
2021-07-11 06:06:24 status unpacked adduser:all 3.118
2021-07-11 06:06:24 status half-configured adduser:all 3.118
2021-07-11 06:06:25 status installed adduser:all 3.118
2021-07-11 06:06:25 configure apt:amd64 1.8.2.3 <none>
2021-07-11 06:06:25 status unpacked apt:amd64 1.8.2.3
2021-07-11 06:06:26 status half-configured apt:amd64 1.8.2.3
2021-07-11 06:06:27 status installed apt:amd64 1.8.2.3
2021-07-11 06:06:28 configure util-linux:amd64 2.33.1-0.1 <none>
2021-07-11 06:06:28 status unpacked util-linux:amd64 2.33.1-0.1
2021-07-11 06:06:28 status half-configured util-linux:amd64 2.33.1-0.1
2021-07-11 06:06:29 status installed util-linux:amd64 2.33.1-0.1
2021-07-11 06:06:29 configure mount:amd64 2.33.1-0.1 <none>
2021-07-11 06:06:29 status unpacked mount:amd64 2.33.1-0.1
2021-07-11 06:06:29 status half-configured mount:amd64 2.33.1-0.1
2021-07-11 06:06:29 status installed mount:amd64 2.33.1-0.1
2021-07-11 06:06:29 configure sysvinit-utils:amd64 2.93-8 <none>
2021-07-11 06:06:29 status unpacked sysvinit-utils:amd64 2.93-8
2021-07-11 06:06:30 status half-configured sysvinit-utils:amd64 2.93-8
2021-07-11 06:06:30 status installed sysvinit-utils:amd64 2.93-8
2021-07-11 06:06:30 trigproc libc-bin:amd64 2.28-10 <none>
2021-07-11 06:06:30 status half-configured libc-bin:amd64 2.28-10
2021-07-11 06:06:30 status installed libc-bin:amd64 2.28-10
2021-07-11 06:06:31 startup archives unpack
2021-07-11 06:06:32 install ca-certificates:all <none> 20200601~deb10u2
2021-07-11 06:06:32 status half-installed ca-certificates:all 20200601~deb10u2
2021-07-11 06:06:48 status unpacked ca-certificates:all 20200601~deb10u2
2021-07-11 06:06:48 install libunwind8:amd64 <none> 1.2.1-10~deb10u1
2021-07-11 06:06:48 status triggers-pending libc-bin:amd64 2.28-10
2021-07-11 06:06:48 status half-installed libunwind8:amd64 1.2.1-10~deb10u1
2021-07-11 06:06:50 status unpacked libunwind8:amd64 1.2.1-10~deb10u1
2021-07-11 06:06:50 install nano:amd64 <none> 3.2-3
2021-07-11 06:06:50 status half-installed nano:amd64 3.2-3
2021-07-11 06:07:00 status unpacked nano:amd64 3.2-3
2021-07-11 06:07:01 install libssl1.1:amd64 <none> 1.1.1d-0+deb10u6
2021-07-11 06:07:01 status half-installed libssl1.1:amd64 1.1.1d-0+deb10u6
2021-07-11 06:07:02 status unpacked libssl1.1:amd64 1.1.1d-0+deb10u6
2021-07-11 06:07:03 install openssl:amd64 <none> 1.1.1d-0+deb10u6
2021-07-11 06:07:03 status half-installed openssl:amd64 1.1.1d-0+deb10u6
2021-07-11 06:07:11 status unpacked openssl:amd64 1.1.1d-0+deb10u6
2021-07-11 06:07:12 install strace:amd64 <none> 4.26-0.2
2021-07-11 06:07:12 status half-installed strace:amd64 4.26-0.2
2021-07-11 06:07:13 status unpacked strace:amd64 4.26-0.2
2021-07-11 06:07:13 trigproc libc-bin:amd64 2.28-10 <none>
2021-07-11 06:07:13 status half-configured libc-bin:amd64 2.28-10
2021-07-11 06:07:14 status installed libc-bin:amd64 2.28-10
2021-07-11 06:07:14 startup packages configure
2021-07-11 06:07:14 configure libssl1.1:amd64 1.1.1d-0+deb10u6 <none>
2021-07-11 06:07:14 status triggers-pending libc-bin:amd64 2.28-10
2021-07-11 06:07:14 status unpacked libssl1.1:amd64 1.1.1d-0+deb10u6
2021-07-11 06:07:14 status half-configured libssl1.1:amd64 1.1.1d-0+deb10u6
2021-07-11 06:07:15 status installed libssl1.1:amd64 1.1.1d-0+deb10u6
2021-07-11 06:07:15 configure libunwind8:amd64 1.2.1-10~deb10u1 <none>
2021-07-11 06:07:15 status unpacked libunwind8:amd64 1.2.1-10~deb10u1
2021-07-11 06:07:15 status half-configured libunwind8:amd64 1.2.1-10~deb10u1
2021-07-11 06:07:15 status installed libunwind8:amd64 1.2.1-10~deb10u1
2021-07-11 06:07:15 configure strace:amd64 4.26-0.2 <none>
2021-07-11 06:07:15 status unpacked strace:amd64 4.26-0.2
2021-07-11 06:07:15 status half-configured strace:amd64 4.26-0.2
2021-07-11 06:07:15 status installed strace:amd64 4.26-0.2
2021-07-11 06:07:16 configure nano:amd64 3.2-3 <none>
2021-07-11 06:07:16 status unpacked nano:amd64 3.2-3
2021-07-11 06:07:16 status half-configured nano:amd64 3.2-3
2021-07-11 06:07:16 status installed nano:amd64 3.2-3
2021-07-11 06:07:16 configure openssl:amd64 1.1.1d-0+deb10u6 <none>
2021-07-11 06:07:16 status unpacked openssl:amd64 1.1.1d-0+deb10u6
2021-07-11 06:07:16 status half-configured openssl:amd64 1.1.1d-0+deb10u6
2021-07-11 06:07:17 status installed openssl:amd64 1.1.1d-0+deb10u6
2021-07-11 06:07:17 configure ca-certificates:all 20200601~deb10u2 <none>
2021-07-11 06:07:17 status unpacked ca-certificates:all 20200601~deb10u2
2021-07-11 06:07:17 status half-configured ca-certificates:all 20200601~deb10u2
2021-07-11 06:07:19 status installed ca-certificates:all 20200601~deb10u2
2021-07-11 06:07:19 status triggers-pending ca-certificates:all 20200601~deb10u2
2021-07-11 06:07:20 trigproc libc-bin:amd64 2.28-10 <none>
2021-07-11 06:07:20 status half-configured libc-bin:amd64 2.28-10
2021-07-11 06:07:20 status installed libc-bin:amd64 2.28-10
2021-07-11 06:07:20 trigproc ca-certificates:all 20200601~deb10u2 <none>
2021-07-11 06:07:20 status half-configured ca-certificates:all 20200601~deb10u2
2021-07-11 06:07:21 status installed ca-certificates:all 20200601~deb10u2
